<?xml version="1.0" encoding="UTF-8"?>
<testng-results ignored="0" total="1" passed="0" failed="1" skipped="0">
  <reporter-output>
  </reporter-output>
  <suite started-at="2021-07-04T20:19:02 IST" name="Default suite" finished-at="2021-07-04T20:19:23 IST" duration-ms="20664">
    <groups>
      <group name="cucumber">
        <method signature="AbstractTestNGCucumberTests.runScenario(io.cucumber.testng.PickleWrapper,io.cucumber.testng.FeatureWrapper)[pri:0, instance:ParallelPackage.RerunRunner@3e27ba32]" name="runScenario" class="io.cucumber.testng.AbstractTestNGCucumberTests"/>
      </group> <!-- cucumber -->
    </groups>
    <test started-at="2021-07-04T20:19:02 IST" name="Default test" finished-at="2021-07-04T20:19:23 IST" duration-ms="20664">
      <class name="ParallelPackage.RerunRunner">
        <test-method is-config="true" signature="setUpClass()[pri:0, instance:ParallelPackage.RerunRunner@3e27ba32]" started-at="2021-07-04T20:19:02 IST" name="setUpClass" finished-at="2021-07-04T20:19:03 IST" duration-ms="685" status="PASS">
          <reporter-output>
          </reporter-output>
        </test-method> <!-- setUpClass -->
        <test-method signature="runScenario(io.cucumber.testng.PickleWrapper,io.cucumber.testng.FeatureWrapper)[pri:0, instance:ParallelPackage.RerunRunner@3e27ba32]" started-at="2021-07-04T20:19:03 IST" name="runScenario" description="Runs Cucumber Scenarios" data-provider="scenarios" finished-at="2021-07-04T20:19:18 IST" duration-ms="14690" status="FAIL">
          <params>
            <param index="0">
              <value>
                <![CDATA["Title of the launch page"]]>
              </value>
            </param>
            <param index="1">
              <value>
                <![CDATA["Optional[Launch Page]"]]>
              </value>
            </param>
          </params>
          <exception class="java.lang.AssertionError">
            <message>
              <![CDATA[expected [My Store] but found [hero]]]>
            </message>
            <full-stacktrace>
              <![CDATA[java.lang.AssertionError: expected [My Store] but found [hero]
at org.testng.Assert.fail(Assert.java:99)
at org.testng.Assert.failNotEquals(Assert.java:1037)
at org.testng.Assert.assertEqualsImpl(Assert.java:140)
at org.testng.Assert.assertEquals(Assert.java:122)
at org.testng.Assert.assertEquals(Assert.java:629)
at org.testng.Assert.assertEquals(Assert.java:639)
at ParallelPackage.LaunchPageStepsDefinition.title_of_the_page_is(LaunchPageStepsDefinition.java:31)
at âœ½.Title of the page is "My Store"(file:///C:/Users/raute/eclipse-workspace/myCucumberFramework/myCucumberFramework/myFirstFramework/src/resource/ParallelPackage/LaunchPage.feature:8)
]]>
            </full-stacktrace>
          </exception> <!-- java.lang.AssertionError -->
          <reporter-output>
          </reporter-output>
        </test-method> <!-- runScenario -->
        <test-method is-config="true" signature="tearDownClass()[pri:0, instance:ParallelPackage.RerunRunner@3e27ba32]" started-at="2021-07-04T20:19:18 IST" name="tearDownClass" finished-at="2021-07-04T20:19:23 IST" duration-ms="5253" status="PASS">
          <reporter-output>
          </reporter-output>
        </test-method> <!-- tearDownClass -->
      </class> <!-- ParallelPackage.RerunRunner -->
    </test> <!-- Default test -->
  </suite> <!-- Default suite -->
</testng-results>
