<?xml version="1.0" encoding="UTF-8"?>
<!-- Generated by org.testng.reporters.JUnitReportReporter -->
<testsuite hostname="LAPTOP-V71J6OVG" failures="1" tests="3" name="ParallelPackage.TestNGRunner" time="43.494" errors="0" timestamp="2021-07-04T20:13:58 IST" skipped="0">
  <testcase classname="ParallelPackage.TestNGRunner" name="runScenario" time="13.445"/>
  <system-out/>
  <testcase classname="ParallelPackage.TestNGRunner" name="runScenario" time="14.953"/>
  <system-out/>
  <testcase classname="ParallelPackage.TestNGRunner" name="runScenario" time="15.096">
    <failure message="expected [My Store] but found [hero]" type="java.lang.AssertionError">
      <![CDATA[java.lang.AssertionError: expected [My Store] but found [hero]
at org.testng.Assert.fail(Assert.java:99)
at org.testng.Assert.failNotEquals(Assert.java:1037)
at org.testng.Assert.assertEqualsImpl(Assert.java:140)
at org.testng.Assert.assertEquals(Assert.java:122)
at org.testng.Assert.assertEquals(Assert.java:629)
at org.testng.Assert.assertEquals(Assert.java:639)
at ParallelPackage.LaunchPageStepsDefinition.title_of_the_page_is(LaunchPageStepsDefinition.java:31)
at âœ½.Title of the page is "My Store"(file:///C:/Users/raute/eclipse-workspace/myCucumberFramework/myCucumberFramework/myFirstFramework/src/resource/ParallelPackage/LaunchPage.feature:8)
]]>
    </failure>
  </testcase> <!-- runScenario -->
  <system-out/>
</testsuite> <!-- ParallelPackage.TestNGRunner -->
