<?xml version="1.0" encoding="UTF-8"?>
<!-- Generated by org.testng.reporters.JUnitXMLReporter -->
<testsuite ignored="0" hostname="LAPTOP-V71J6OVG" failures="1" tests="1" name="Default test" time="20.664" errors="0" timestamp="2021-07-04T20:19:23 IST">
  <testcase classname="io.cucumber.testng.AbstractTestNGCucumberTests" name="runScenario" time="14.69">
    <failure type="java.lang.AssertionError" message="expected [My Store] but found [hero]">
      <![CDATA[java.lang.AssertionError: expected [My Store] but found [hero]
at org.testng.Assert.fail(Assert.java:99)
at org.testng.Assert.failNotEquals(Assert.java:1037)
at org.testng.Assert.assertEqualsImpl(Assert.java:140)
at org.testng.Assert.assertEquals(Assert.java:122)
at org.testng.Assert.assertEquals(Assert.java:629)
at org.testng.Assert.assertEquals(Assert.java:639)
at ParallelPackage.LaunchPageStepsDefinition.title_of_the_page_is(LaunchPageStepsDefinition.java:31)
at âœ½.Title of the page is "My Store"(file:///C:/Users/raute/eclipse-workspace/myCucumberFramework/myCucumberFramework/myFirstFramework/src/resource/ParallelPackage/LaunchPage.feature:8)
]]>
    </failure>
  </testcase> <!-- runScenario -->
</testsuite> <!-- Default test -->
